{"meta": {"version": "6.5.0", "timestamp": "2023-10-17T13:46:49.441284", "branch_coverage": false, "show_contexts": false}, "files": {"combin/__init__.py": {"executed_lines": [1, 3], "summary": {"covered_lines": 2, "num_statements": 2, "percent_covered": 100.0, "percent_covered_display": "100", "missing_lines": 0, "excluded_lines": 0}, "missing_lines": [], "excluded_lines": []}, "combin/combinatorial.py": {"executed_lines": [1, 2, 3, 4, 5, 6, 7, 9, 10, 11, 12, 13, 14, 15, 16, 17, 18, 20, 21, 22, 23, 24, 26, 27, 28, 29, 31, 40, 41, 42, 43, 44, 45, 46, 47, 49, 69, 70, 71, 72, 73, 75, 76, 77, 78, 81, 82, 83, 84, 85, 86, 88, 89, 90, 91, 92, 93, 94, 95, 97, 98, 99, 101, 102, 106, 124, 125, 126, 127, 128, 129, 130, 131, 132, 133, 134, 135, 136, 137, 146, 147, 148, 149, 150, 152, 153, 157, 170, 171, 172, 173, 174, 175, 176, 177, 182, 183, 184, 185, 186, 187, 189, 190, 192, 194, 196, 197, 198, 199, 200, 201, 203, 204, 205], "summary": {"covered_lines": 114, "num_statements": 129, "percent_covered": 88.37209302325581, "percent_covered_display": "88", "missing_lines": 15, "excluded_lines": 0}, "missing_lines": [79, 80, 104, 155, 178, 188, 193, 202, 207, 208, 209, 210, 211, 212, 213], "excluded_lines": []}, "tests/test_combinatorial.py": {"executed_lines": [1, 2, 3, 4, 5, 6, 9, 10, 11, 12, 13, 14, 16, 17, 18, 19, 20, 23, 24, 25, 26, 29, 30, 31, 32, 35, 36, 37, 40, 41, 42, 43, 44, 47, 48, 49, 50, 51, 52, 53, 54, 55, 56, 58, 59, 60, 61, 62, 63, 64, 65, 67, 68, 69, 70, 71, 72, 73, 74, 75, 76, 77, 79, 80, 81, 83, 84, 85, 86, 87, 88, 89, 90, 91, 92, 93, 95, 96, 97, 98, 99, 100, 101, 102, 104, 105, 106, 107, 108, 109, 110, 111, 112, 113, 114], "summary": {"covered_lines": 95, "num_statements": 95, "percent_covered": 100.0, "percent_covered_display": "100", "missing_lines": 0, "excluded_lines": 0}, "missing_lines": [], "excluded_lines": []}}, "totals": {"covered_lines": 211, "num_statements": 226, "percent_covered": 93.36283185840708, "percent_covered_display": "93", "missing_lines": 15, "excluded_lines": 0}}